2017-07-08 14:47:53,340 [main] DEBUG [org.easyframework.pk.texas.TexasPokerHand4TestUtils] - expCards:方块2,梅花2,红桃2,黑桃2,方块Ace,
2017-07-08 14:47:53,341 [main] DEBUG [org.easyframework.pk.texas.TexasPokerHand4TestUtils] - maxCards:方块2,梅花2,红桃2,黑桃2,方块Ace,
2017-07-08 14:47:53,342 [main] DEBUG [org.easyframework.pk.texas.TexasPokerHand4TestUtils] - expCards:方块5,方块Ace,梅花Ace,红桃Ace,黑桃Ace,
2017-07-08 14:47:53,342 [main] DEBUG [org.easyframework.pk.texas.TexasPokerHand4TestUtils] - maxCards:方块5,方块Ace,梅花Ace,红桃Ace,黑桃Ace,
2017-07-08 14:47:53,343 [main] DEBUG [org.easyframework.pk.texas.TexasPokerHand4TestUtils] - expCards:方块5,梅花5,红桃5,黑桃5,梅花Ace,
2017-07-08 14:47:53,343 [main] DEBUG [org.easyframework.pk.texas.TexasPokerHand4TestUtils] - maxCards:方块5,梅花5,红桃5,黑桃5,梅花Ace,
2017-07-08 14:47:53,343 [main] DEBUG [org.easyframework.pk.texas.TexasPokerHand4TestUtils] - expCards:方块2,梅花2,红桃2,黑桃2,方块5,
2017-07-08 14:47:53,343 [main] DEBUG [org.easyframework.pk.texas.TexasPokerHand4TestUtils] - maxCards:方块2,梅花2,红桃2,黑桃2,方块5,
2017-07-08 14:47:53,344 [main] DEBUG [org.easyframework.pk.texas.TexasPokerHand4TestUtils] - expCards:红桃5,方块Ace,梅花Ace,红桃Ace,黑桃Ace,
2017-07-08 14:47:53,344 [main] DEBUG [org.easyframework.pk.texas.TexasPokerHand4TestUtils] - maxCards:红桃5,方块Ace,梅花Ace,红桃Ace,黑桃Ace,
2017-07-08 14:47:53,345 [main] DEBUG [org.easyframework.pk.texas.TexasPokerHand4TestUtils] - expCards:黑桃5,方块Ace,梅花Ace,红桃Ace,黑桃Ace,
2017-07-08 14:47:53,345 [main] DEBUG [org.easyframework.pk.texas.TexasPokerHand4TestUtils] - maxCards:黑桃5,方块Ace,梅花Ace,红桃Ace,黑桃Ace,
2017-07-08 14:51:51,852 [main] DEBUG [org.easyframework.pk.texas.TexasPokerHand4TestUtils] - expCards:方块2,梅花2,红桃2,黑桃2,方块Ace,
2017-07-08 14:51:51,852 [main] DEBUG [org.easyframework.pk.texas.TexasPokerHand4TestUtils] - maxCards:方块2,梅花2,红桃2,黑桃2,方块Ace,
2017-07-08 14:51:51,854 [main] DEBUG [org.easyframework.pk.texas.TexasPokerHand4TestUtils] - expCards:方块5,方块Ace,梅花Ace,红桃Ace,黑桃Ace,
2017-07-08 14:51:51,854 [main] DEBUG [org.easyframework.pk.texas.TexasPokerHand4TestUtils] - maxCards:方块5,方块Ace,梅花Ace,红桃Ace,黑桃Ace,
2017-07-08 14:51:51,855 [main] DEBUG [org.easyframework.pk.texas.TexasPokerHand4TestUtils] - expCards:方块5,梅花5,红桃5,黑桃5,梅花Ace,
2017-07-08 14:51:51,855 [main] DEBUG [org.easyframework.pk.texas.TexasPokerHand4TestUtils] - maxCards:方块5,梅花5,红桃5,黑桃5,梅花Ace,
2017-07-08 14:51:51,855 [main] DEBUG [org.easyframework.pk.texas.TexasPokerHand4TestUtils] - expCards:方块5,梅花5,红桃5,黑桃5,红桃Ace,
2017-07-08 14:51:51,856 [main] DEBUG [org.easyframework.pk.texas.TexasPokerHand4TestUtils] - maxCards:方块5,梅花5,红桃5,黑桃5,红桃Ace,
2017-07-08 14:51:51,856 [main] DEBUG [org.easyframework.pk.texas.TexasPokerHand4TestUtils] - expCards:方块2,梅花2,红桃2,黑桃2,方块5,
2017-07-08 14:51:51,856 [main] DEBUG [org.easyframework.pk.texas.TexasPokerHand4TestUtils] - maxCards:方块2,梅花2,红桃2,黑桃2,方块5,
2017-07-08 14:51:51,857 [main] DEBUG [org.easyframework.pk.texas.TexasPokerHand4TestUtils] - expCards:红桃5,方块Ace,梅花Ace,红桃Ace,黑桃Ace,
2017-07-08 14:51:51,857 [main] DEBUG [org.easyframework.pk.texas.TexasPokerHand4TestUtils] - maxCards:红桃5,方块Ace,梅花Ace,红桃Ace,黑桃Ace,
2017-07-08 14:51:51,858 [main] DEBUG [org.easyframework.pk.texas.TexasPokerHand4TestUtils] - expCards:黑桃5,方块Ace,梅花Ace,红桃Ace,黑桃Ace,
2017-07-08 14:51:51,858 [main] DEBUG [org.easyframework.pk.texas.TexasPokerHand4TestUtils] - maxCards:黑桃5,方块Ace,梅花Ace,红桃Ace,黑桃Ace,
2017-07-08 14:53:25,198 [main] DEBUG [org.easyframework.pk.texas.TexasPokerHand4TestUtils] - expCards:方块2,梅花2,红桃2,黑桃2,方块Ace,
2017-07-08 14:53:25,199 [main] DEBUG [org.easyframework.pk.texas.TexasPokerHand4TestUtils] - maxCards:方块2,梅花2,红桃2,黑桃2,方块Ace,
2017-07-08 14:53:25,200 [main] DEBUG [org.easyframework.pk.texas.TexasPokerHand4TestUtils] - expCards:方块5,方块Ace,梅花Ace,红桃Ace,黑桃Ace,
2017-07-08 14:53:25,200 [main] DEBUG [org.easyframework.pk.texas.TexasPokerHand4TestUtils] - maxCards:方块5,方块Ace,梅花Ace,红桃Ace,黑桃Ace,
2017-07-08 14:53:25,200 [main] DEBUG [org.easyframework.pk.texas.TexasPokerHand4TestUtils] - expCards:方块5,梅花5,红桃5,黑桃5,梅花Ace,
2017-07-08 14:53:25,201 [main] DEBUG [org.easyframework.pk.texas.TexasPokerHand4TestUtils] - maxCards:方块5,梅花5,红桃5,黑桃5,梅花Ace,
2017-07-08 14:53:25,201 [main] DEBUG [org.easyframework.pk.texas.TexasPokerHand4TestUtils] - expCards:方块5,梅花5,红桃5,黑桃5,梅花King,
2017-07-08 14:53:25,201 [main] DEBUG [org.easyframework.pk.texas.TexasPokerHand4TestUtils] - maxCards:方块5,梅花5,红桃5,黑桃5,梅花King,
2017-07-08 14:53:25,202 [main] DEBUG [org.easyframework.pk.texas.TexasPokerHand4TestUtils] - expCards:方块2,梅花2,红桃2,黑桃2,方块5,
2017-07-08 14:53:25,202 [main] DEBUG [org.easyframework.pk.texas.TexasPokerHand4TestUtils] - maxCards:方块2,梅花2,红桃2,黑桃2,方块5,
2017-07-08 14:53:25,202 [main] DEBUG [org.easyframework.pk.texas.TexasPokerHand4TestUtils] - expCards:红桃5,方块Ace,梅花Ace,红桃Ace,黑桃Ace,
2017-07-08 14:53:25,203 [main] DEBUG [org.easyframework.pk.texas.TexasPokerHand4TestUtils] - maxCards:红桃5,方块Ace,梅花Ace,红桃Ace,黑桃Ace,
2017-07-08 14:53:25,204 [main] DEBUG [org.easyframework.pk.texas.TexasPokerHand4TestUtils] - expCards:黑桃5,方块Ace,梅花Ace,红桃Ace,黑桃Ace,
2017-07-08 14:53:25,204 [main] DEBUG [org.easyframework.pk.texas.TexasPokerHand4TestUtils] - maxCards:黑桃5,方块Ace,梅花Ace,红桃Ace,黑桃Ace,
2017-07-08 14:55:20,558 [main] DEBUG [org.easyframework.pk.texas.TexasPokerHand4TestUtils] - expCards:方块5,红桃5,梅花Ace,红桃Ace,黑桃Ace,
2017-07-08 14:55:20,559 [main] DEBUG [org.easyframework.pk.texas.TexasPokerHand4TestUtils] - maxCards:方块5,红桃5,梅花Ace,红桃Ace,黑桃Ace,
2017-07-08 14:56:16,331 [main] DEBUG [org.easyframework.pk.texas.TexasPokerHand4TestUtils] - expCards:方块5,红桃5,梅花Jack,红桃Jack,黑桃Jack,
2017-07-08 14:56:16,331 [main] DEBUG [org.easyframework.pk.texas.TexasPokerHand4TestUtils] - maxCards:方块5,红桃5,梅花Jack,红桃Jack,黑桃Jack,
2017-07-08 14:56:16,332 [main] DEBUG [org.easyframework.pk.texas.TexasPokerHand4TestUtils] - expCards:方块5,红桃5,梅花Ace,红桃Ace,黑桃Ace,
2017-07-08 14:56:16,332 [main] DEBUG [org.easyframework.pk.texas.TexasPokerHand4TestUtils] - maxCards:方块5,红桃5,梅花Ace,红桃Ace,黑桃Ace,
2017-07-08 14:56:39,251 [main] DEBUG [org.easyframework.pk.texas.TexasPokerHand4TestUtils] - expCards:方块5,红桃5,梅花Jack,红桃Jack,黑桃Jack,
2017-07-08 14:56:39,251 [main] DEBUG [org.easyframework.pk.texas.TexasPokerHand4TestUtils] - maxCards:方块5,梅花5,梅花Jack,红桃Jack,黑桃Jack,
2017-07-08 14:56:39,259 [main] DEBUG [org.easyframework.pk.texas.TexasPokerHand4TestUtils] - expCards:方块5,红桃5,梅花Ace,红桃Ace,黑桃Ace,
2017-07-08 14:56:39,259 [main] DEBUG [org.easyframework.pk.texas.TexasPokerHand4TestUtils] - maxCards:方块5,红桃5,梅花Ace,红桃Ace,黑桃Ace,
2017-07-08 14:56:59,619 [main] DEBUG [org.easyframework.pk.texas.TexasPokerHand4TestUtils] - expCards:方块5,梅花5,梅花Jack,红桃Jack,黑桃Jack,
2017-07-08 14:56:59,620 [main] DEBUG [org.easyframework.pk.texas.TexasPokerHand4TestUtils] - maxCards:方块5,梅花5,梅花Jack,红桃Jack,黑桃Jack,
2017-07-08 14:56:59,622 [main] DEBUG [org.easyframework.pk.texas.TexasPokerHand4TestUtils] - expCards:方块5,红桃5,梅花Ace,红桃Ace,黑桃Ace,
2017-07-08 14:56:59,622 [main] DEBUG [org.easyframework.pk.texas.TexasPokerHand4TestUtils] - maxCards:方块5,红桃5,梅花Ace,红桃Ace,黑桃Ace,
2017-07-08 14:58:44,683 [main] DEBUG [org.easyframework.pk.texas.TexasPokerHand4TestUtils] - expCards:方块5,梅花5,梅花Jack,红桃Jack,黑桃Jack,
2017-07-08 14:58:44,683 [main] DEBUG [org.easyframework.pk.texas.TexasPokerHand4TestUtils] - maxCards:方块5,梅花5,梅花Jack,红桃Jack,黑桃Jack,
2017-07-08 14:58:44,685 [main] DEBUG [org.easyframework.pk.texas.TexasPokerHand4TestUtils] - expCards:红桃Jack,黑桃Jack,梅花King,黑桃King,红桃Ace,
2017-07-08 14:58:44,685 [main] DEBUG [org.easyframework.pk.texas.TexasPokerHand4TestUtils] - maxCards:方块5,红桃Jack,黑桃Jack,梅花King,黑桃King,
2017-07-08 14:58:44,690 [main] DEBUG [org.easyframework.pk.texas.TexasPokerHand4TestUtils] - expCards:方块5,红桃5,梅花Ace,红桃Ace,黑桃Ace,
2017-07-08 14:58:44,690 [main] DEBUG [org.easyframework.pk.texas.TexasPokerHand4TestUtils] - maxCards:方块5,红桃5,梅花Ace,红桃Ace,黑桃Ace,
2017-07-08 14:58:56,718 [main] DEBUG [org.easyframework.pk.texas.TexasPokerHand4TestUtils] - expCards:红桃Jack,黑桃Jack,梅花King,黑桃King,红桃Ace,
2017-07-08 14:58:56,719 [main] DEBUG [org.easyframework.pk.texas.TexasPokerHand4TestUtils] - maxCards:方块5,红桃Jack,黑桃Jack,梅花King,黑桃King,
2017-07-08 15:03:42,953 [main] DEBUG [org.easyframework.pk.texas.TexasPokerHand4TestUtils] - expCards:方块5,梅花5,梅花Jack,红桃Jack,黑桃Jack,
2017-07-08 15:03:42,954 [main] DEBUG [org.easyframework.pk.texas.TexasPokerHand4TestUtils] - maxCards:方块5,梅花5,梅花Jack,红桃Jack,黑桃Jack,
2017-07-08 15:04:26,644 [main] DEBUG [org.easyframework.pk.texas.TexasPokerHand4TestUtils] - expCards:红桃Jack,黑桃Jack,梅花King,黑桃King,红桃Ace,
2017-07-08 15:04:26,645 [main] DEBUG [org.easyframework.pk.texas.TexasPokerHand4TestUtils] - maxCards:方块5,红桃Jack,黑桃Jack,梅花King,黑桃King,
2017-07-08 15:05:06,764 [main] DEBUG [org.easyframework.pk.texas.TexasPokerHand4TestUtils] - expCards:红桃Jack,黑桃Jack,梅花King,黑桃King,红桃Ace,
2017-07-08 15:05:06,765 [main] DEBUG [org.easyframework.pk.texas.TexasPokerHand4TestUtils] - maxCards:方块5,红桃Jack,黑桃Jack,梅花King,黑桃King,
2017-07-08 15:10:50,758 [main] DEBUG [org.easyframework.pk.texas.TexasPokerHand4TestUtils] - expCards:红桃Jack,黑桃Jack,梅花King,黑桃King,红桃Ace,
2017-07-08 15:10:50,759 [main] DEBUG [org.easyframework.pk.texas.TexasPokerHand4TestUtils] - maxCards:方块5,红桃Jack,黑桃Jack,梅花King,黑桃King,
2017-07-08 15:13:04,733 [main] DEBUG [org.easyframework.pk.texas.TexasPokerHand4TestUtils] - expCards:红桃Jack,黑桃Jack,梅花King,黑桃King,红桃Ace,
2017-07-08 15:13:04,733 [main] DEBUG [org.easyframework.pk.texas.TexasPokerHand4TestUtils] - maxCards:方块5,红桃Jack,黑桃Jack,梅花King,黑桃King,
2017-07-08 15:26:54,890 [main] DEBUG [org.easyframework.pk.texas.TexasPokerHand4TestUtils] - expCards:红桃Jack,黑桃Jack,梅花King,黑桃King,红桃Ace,
2017-07-08 15:26:54,891 [main] DEBUG [org.easyframework.pk.texas.TexasPokerHand4TestUtils] - maxCards:红桃Jack,黑桃Jack,梅花King,黑桃King,红桃Ace,
2017-07-08 15:30:12,722 [main] DEBUG [org.easyframework.pk.texas.TexasPokerHand4TestUtils] - expCards:红桃Jack,黑桃Jack,梅花King,红桃Ace,黑桃Ace,
2017-07-08 15:30:12,723 [main] DEBUG [org.easyframework.pk.texas.TexasPokerHand4TestUtils] - maxCards:红桃Jack,黑桃Jack,梅花King,红桃Ace,黑桃Ace,
2017-07-08 16:06:14,069 [main] DEBUG [org.easyframework.pk.texas.TexasPokerHand4TestUtils] - expCards:梅花7,方块8,黑桃9,方块10,黑桃Jack,
2017-07-08 16:06:14,071 [main] DEBUG [org.easyframework.pk.texas.TexasPokerHand4TestUtils] - maxCards:梅花7,方块8,黑桃9,方块10,黑桃Jack,
2017-07-08 16:49:55,996 [main] DEBUG [org.easyframework.pk.texas.TexasPokerHand4TestUtils] - expCards:黑桃2,方块3,方块4,黑桃5,黑桃Ace,
2017-07-08 16:49:55,996 [main] DEBUG [org.easyframework.pk.texas.TexasPokerHand4TestUtils] - maxCards:黑桃2,方块3,方块4,黑桃5,黑桃Ace,
2017-07-08 17:01:47,795 [main] DEBUG [org.easyframework.pk.texas.TexasPokerHand4TestUtils] - expCards:黑桃10,黑桃Jack,黑桃Queen,黑桃King,黑桃Ace,
2017-07-08 17:01:47,795 [main] DEBUG [org.easyframework.pk.texas.TexasPokerHand4TestUtils] - maxCards:黑桃10,黑桃Jack,黑桃Queen,黑桃King,黑桃Ace,
2017-07-08 17:02:14,225 [main] DEBUG [org.easyframework.pk.texas.TexasPokerHand4TestUtils] - expCards:黑桃10,黑桃Jack,黑桃Queen,黑桃King,黑桃Ace,
2017-07-08 17:02:14,226 [main] DEBUG [org.easyframework.pk.texas.TexasPokerHand4TestUtils] - maxCards:黑桃10,黑桃Jack,黑桃Queen,黑桃King,黑桃Ace,
2017-07-08 17:03:08,267 [main] DEBUG [org.easyframework.pk.texas.TexasPokerHand4TestUtils] - expCards:黑桃10,黑桃Jack,黑桃Queen,黑桃King,黑桃Ace,
2017-07-08 17:03:08,268 [main] DEBUG [org.easyframework.pk.texas.TexasPokerHand4TestUtils] - maxCards:黑桃10,黑桃Jack,黑桃Queen,黑桃King,黑桃Ace,
2017-07-08 17:03:29,971 [main] DEBUG [org.easyframework.pk.texas.TexasPokerHand4TestUtils] - expCards:黑桃10,黑桃Jack,黑桃Queen,黑桃King,黑桃Ace,
2017-07-08 17:03:29,971 [main] DEBUG [org.easyframework.pk.texas.TexasPokerHand4TestUtils] - maxCards:黑桃10,黑桃Jack,黑桃Queen,黑桃King,黑桃Ace,
2017-07-08 17:04:32,745 [main] DEBUG [org.easyframework.pk.texas.TexasPokerHand4TestUtils] - expCards:黑桃10,黑桃Jack,黑桃Queen,黑桃King,黑桃Ace,
2017-07-08 17:04:32,746 [main] DEBUG [org.easyframework.pk.texas.TexasPokerHand4TestUtils] - maxCards:黑桃10,黑桃Jack,黑桃Queen,黑桃King,黑桃Ace,
2017-07-08 17:05:02,660 [main] DEBUG [org.easyframework.pk.texas.TexasPokerHand4TestUtils] - expCards:黑桃10,黑桃Jack,黑桃Queen,黑桃King,黑桃Ace,
2017-07-08 17:05:02,660 [main] DEBUG [org.easyframework.pk.texas.TexasPokerHand4TestUtils] - maxCards:黑桃10,黑桃Jack,黑桃Queen,黑桃King,黑桃Ace,
2017-07-08 17:05:02,661 [main] DEBUG [org.easyframework.pk.texas.TexasPokerHand4TestUtils] - expCards:黑桃9,黑桃10,黑桃Jack,黑桃King,黑桃Ace,
2017-07-08 17:05:02,662 [main] DEBUG [org.easyframework.pk.texas.TexasPokerHand4TestUtils] - maxCards:黑桃9,黑桃10,黑桃Jack,黑桃King,黑桃Ace,
2017-07-08 17:23:59,535 [main] DEBUG [org.easyframework.pk.texas.TexasPokerHand4TestUtils] - expCards:黑桃10,黑桃Jack,黑桃Queen,黑桃King,黑桃Ace,
2017-07-08 17:23:59,535 [main] DEBUG [org.easyframework.pk.texas.TexasPokerHand4TestUtils] - maxCards:黑桃10,黑桃Jack,黑桃Queen,黑桃King,黑桃Ace,
2017-07-08 17:23:59,537 [main] DEBUG [org.easyframework.pk.texas.TexasPokerHand4TestUtils] - expCards:黑桃9,黑桃10,黑桃Jack,黑桃King,黑桃Ace,
2017-07-08 17:23:59,538 [main] DEBUG [org.easyframework.pk.texas.TexasPokerHand4TestUtils] - maxCards:黑桃9,黑桃10,黑桃Jack,黑桃King,黑桃Ace,
2017-07-08 17:23:59,539 [main] DEBUG [org.easyframework.pk.texas.TexasPokerHand4TestUtils] - expCards:黑桃9,黑桃10,黑桃Jack,黑桃Queen,黑桃King,
2017-07-08 17:23:59,539 [main] DEBUG [org.easyframework.pk.texas.TexasPokerHand4TestUtils] - maxCards:黑桃9,黑桃10,黑桃Jack,黑桃Queen,黑桃King,
2017-07-08 17:25:17,945 [main] DEBUG [org.easyframework.pk.texas.TexasPokerHand4TestUtils] - expCards:黑桃10,黑桃Jack,黑桃Queen,黑桃King,黑桃Ace,
2017-07-08 17:25:17,945 [main] DEBUG [org.easyframework.pk.texas.TexasPokerHand4TestUtils] - maxCards:黑桃10,黑桃Jack,黑桃Queen,黑桃King,黑桃Ace,
2017-07-08 17:25:17,946 [main] DEBUG [org.easyframework.pk.texas.TexasPokerHand4TestUtils] - expCards:黑桃9,黑桃10,黑桃Jack,黑桃King,黑桃Ace,
2017-07-08 17:25:17,946 [main] DEBUG [org.easyframework.pk.texas.TexasPokerHand4TestUtils] - maxCards:黑桃9,黑桃10,黑桃Jack,黑桃King,黑桃Ace,
2017-07-08 17:25:17,947 [main] DEBUG [org.easyframework.pk.texas.TexasPokerHand4TestUtils] - expCards:黑桃9,黑桃10,黑桃Jack,黑桃Queen,黑桃King,
2017-07-08 17:25:17,947 [main] DEBUG [org.easyframework.pk.texas.TexasPokerHand4TestUtils] - maxCards:黑桃9,黑桃10,黑桃Jack,黑桃Queen,黑桃King,
2017-07-08 17:25:17,947 [main] DEBUG [org.easyframework.pk.texas.TexasPokerHand4TestUtils] - expCards:黑桃9,黑桃10,黑桃Jack,黑桃Queen,黑桃King,
2017-07-08 17:25:17,947 [main] DEBUG [org.easyframework.pk.texas.TexasPokerHand4TestUtils] - maxCards:黑桃9,黑桃10,黑桃Jack,黑桃Queen,黑桃King,
